<?xml version="1.0" encoding="UTF-8"?>
<!-- Generated by org.testng.reporters.JUnitReportReporter -->
<testsuite hostname="OSI-L-0409" name="tests.NewTest" tests="2" failures="0" timestamp="12 Apr 2018 06:42:05 GMT" time="1.805" errors="0">
  <testcase name="openMyBlog" time="0.844" classname="tests.NewTest"/>
  <testcase name="test2" time="0.961" classname="tests.NewTest"/>
</testsuite> <!-- tests.NewTest -->
