<?xml version="1.0" encoding="UTF-8"?>
<!-- Generated by org.testng.reporters.JUnitReportReporter -->
<testsuite hostname="OSI-L-0409" name="tests.gmail_firefox" tests="1" failures="0" timestamp="12 Apr 2018 06:42:05 GMT" time="7.117" errors="0">
  <testcase name="googleopen" time="7.117" classname="tests.gmail_firefox"/>
</testsuite> <!-- tests.gmail_firefox -->
