<?xml version="1.0" encoding="UTF-8"?>
<!-- Generated by org.testng.reporters.JUnitReportReporter -->
<testsuite hostname="OSI-L-0409" name="tests.NewTest" tests="2" failures="0" timestamp="13 Apr 2018 11:56:01 GMT" time="2.243" errors="0">
  <testcase name="openMyBlog" time="1.053" classname="tests.NewTest"/>
  <testcase name="test2" time="1.190" classname="tests.NewTest"/>
</testsuite> <!-- tests.NewTest -->
