<?xml version="1.0" encoding="UTF-8"?>
<!-- Generated by org.testng.reporters.JUnitReportReporter -->
<testsuite hostname="OSI-L-0409" name="tests.gmail_firefox" tests="1" failures="0" timestamp="13 Apr 2018 11:56:01 GMT" time="8.181" errors="0">
  <testcase name="googleopen" time="8.181" classname="tests.gmail_firefox"/>
</testsuite> <!-- tests.gmail_firefox -->
